This is pdfTeX, Version 3.141592653-2.6-1.40.23 (TeX Live 2021/W32TeX) (preloaded format=pdflatex 2021.8.30)  15 OCT 2021 09:04
entering extended mode
 restricted \write18 enabled.
 %&-line parsing enabled.
**Grupo4_Final.tex
(./Grupo4_Final.tex
LaTeX2e <2021-06-01> patch level 1
L3 programming layer <2021-08-27> (c:/Users/emili/AppData/Roaming/TinyTeX/texmf
-dist/tex/latex/base/article.cls
Document Class: article 2021/02/12 v1.4n Standard LaTeX document class
(c:/Users/emili/AppData/Roaming/TinyTeX/texmf-dist/tex/latex/base/size10.clo
File: size10.clo 2021/02/12 v1.4n Standard LaTeX file (size option)
)
\c@part=\count182
\c@section=\count183
\c@subsection=\count184
\c@subsubsection=\count185
\c@paragraph=\count186
\c@subparagraph=\count187
\c@figure=\count188
\c@table=\count189
\abovecaptionskip=\skip47
\belowcaptionskip=\skip48
\bibindent=\dimen138
) (c:/Users/emili/AppData/Roaming/TinyTeX/texmf-dist/tex/latex/lm/lmodern.sty
Package: lmodern 2015/05/01 v1.6.1 Latin Modern Fonts
LaTeX Font Info:    Overwriting symbol font `operators' in version `normal'
(Font)                  OT1/cmr/m/n --> OT1/lmr/m/n on input line 22.
LaTeX Font Info:    Overwriting symbol font `letters' in version `normal'
(Font)                  OML/cmm/m/it --> OML/lmm/m/it on input line 23.
LaTeX Font Info:    Overwriting symbol font `symbols' in version `normal'
(Font)                  OMS/cmsy/m/n --> OMS/lmsy/m/n on input line 24.
LaTeX Font Info:    Overwriting symbol font `largesymbols' in version `normal'
(Font)                  OMX/cmex/m/n --> OMX/lmex/m/n on input line 25.
LaTeX Font Info:    Overwriting symbol font `operators' in version `bold'
(Font)                  OT1/cmr/bx/n --> OT1/lmr/bx/n on input line 26.
LaTeX Font Info:    Overwriting symbol font `letters' in version `bold'
(Font)                  OML/cmm/b/it --> OML/lmm/b/it on input line 27.
LaTeX Font Info:    Overwriting symbol font `symbols' in version `bold'
(Font)                  OMS/cmsy/b/n --> OMS/lmsy/b/n on input line 28.
LaTeX Font Info:    Overwriting symbol font `largesymbols' in version `bold'
(Font)                  OMX/cmex/m/n --> OMX/lmex/m/n on input line 29.
LaTeX Font Info:    Overwriting math alphabet `\mathbf' in version `normal'
(Font)                  OT1/cmr/bx/n --> OT1/lmr/bx/n on input line 31.
LaTeX Font Info:    Overwriting math alphabet `\mathsf' in version `normal'
(Font)                  OT1/cmss/m/n --> OT1/lmss/m/n on input line 32.
LaTeX Font Info:    Overwriting math alphabet `\mathit' in version `normal'
(Font)                  OT1/cmr/m/it --> OT1/lmr/m/it on input line 33.
LaTeX Font Info:    Overwriting math alphabet `\mathtt' in version `normal'
(Font)                  OT1/cmtt/m/n --> OT1/lmtt/m/n on input line 34.
LaTeX Font Info:    Overwriting math alphabet `\mathbf' in version `bold'
(Font)                  OT1/cmr/bx/n --> OT1/lmr/bx/n on input line 35.
LaTeX Font Info:    Overwriting math alphabet `\mathsf' in version `bold'
(Font)                  OT1/cmss/bx/n --> OT1/lmss/bx/n on input line 36.
LaTeX Font Info:    Overwriting math alphabet `\mathit' in version `bold'
(Font)                  OT1/cmr/bx/it --> OT1/lmr/bx/it on input line 37.
LaTeX Font Info:    Overwriting math alphabet `\mathtt' in version `bold'
(Font)                  OT1/cmtt/m/n --> OT1/lmtt/m/n on input line 38.
)
(c:/Users/emili/AppData/Roaming/TinyTeX/texmf-dist/tex/latex/amsfonts/amssymb.s
ty
Package: amssymb 2013/01/14 v3.01 AMS font symbols

(c:/Users/emili/AppData/Roaming/TinyTeX/texmf-dist/tex/latex/amsfonts/amsfonts.
sty
Package: amsfonts 2013/01/14 v3.01 Basic AMSFonts support
\@emptytoks=\toks16
\symAMSa=\mathgroup4
\symAMSb=\mathgroup5
LaTeX Font Info:    Redeclaring math symbol \hbar on input line 98.
LaTeX Font Info:    Overwriting math alphabet `\mathfrak' in version `bold'
(Font)                  U/euf/m/n --> U/euf/b/n on input line 106.
))
(c:/Users/emili/AppData/Roaming/TinyTeX/texmf-dist/tex/latex/amsmath/amsmath.st
y
Package: amsmath 2021/04/20 v2.17j AMS math features
\@mathmargin=\skip49
For additional information on amsmath, use the `?' option.

(c:/Users/emili/AppData/Roaming/TinyTeX/texmf-dist/tex/latex/amsmath/amstext.st
y
Package: amstext 2000/06/29 v2.01 AMS text

(c:/Users/emili/AppData/Roaming/TinyTeX/texmf-dist/tex/latex/amsmath/amsgen.sty
File: amsgen.sty 1999/11/30 v2.0 generic functions
\@emptytoks=\toks17
\ex@=\dimen139
))
(c:/Users/emili/AppData/Roaming/TinyTeX/texmf-dist/tex/latex/amsmath/amsbsy.sty
Package: amsbsy 1999/11/29 v1.2d Bold Symbols
\pmbraise@=\dimen140
)
(c:/Users/emili/AppData/Roaming/TinyTeX/texmf-dist/tex/latex/amsmath/amsopn.sty
Package: amsopn 2016/03/08 v2.02 operator names
)
\inf@bad=\count190
LaTeX Info: Redefining \frac on input line 234.
\uproot@=\count191
\leftroot@=\count192
LaTeX Info: Redefining \overline on input line 399.
\classnum@=\count193
\DOTSCASE@=\count194
LaTeX Info: Redefining \ldots on input line 496.
LaTeX Info: Redefining \dots on input line 499.
LaTeX Info: Redefining \cdots on input line 620.
\Mathstrutbox@=\box50
\strutbox@=\box51
\big@size=\dimen141
LaTeX Font Info:    Redeclaring font encoding OML on input line 743.
LaTeX Font Info:    Redeclaring font encoding OMS on input line 744.
\macc@depth=\count195
\c@MaxMatrixCols=\count196
\dotsspace@=\muskip16
\c@parentequation=\count197
\dspbrk@lvl=\count198
\tag@help=\toks18
\row@=\count199
\column@=\count266
\maxfields@=\count267
\andhelp@=\toks19
\eqnshift@=\dimen142
\alignsep@=\dimen143
\tagshift@=\dimen144
\tagwidth@=\dimen145
\totwidth@=\dimen146
\lineht@=\dimen147
\@envbody=\toks20
\multlinegap=\skip50
\multlinetaggap=\skip51
\mathdisplay@stack=\toks21
LaTeX Info: Redefining \[ on input line 2923.
LaTeX Info: Redefining \] on input line 2924.
)
(c:/Users/emili/AppData/Roaming/TinyTeX/texmf-dist/tex/generic/iftex/ifxetex.st
y
Package: ifxetex 2019/10/25 v0.7 ifxetex legacy package. Use iftex instead.
(c:/Users/emili/AppData/Roaming/TinyTeX/texmf-dist/tex/generic/iftex/iftex.sty
Package: iftex 2020/03/06 v1.0d TeX engine tests
))
(c:/Users/emili/AppData/Roaming/TinyTeX/texmf-dist/tex/generic/iftex/ifluatex.s
ty
Package: ifluatex 2019/10/25 v1.5 ifluatex legacy package. Use iftex instead.
) (c:/Users/emili/AppData/Roaming/TinyTeX/texmf-dist/tex/latex/base/fontenc.sty
Package: fontenc 2021/04/29 v2.0v Standard LaTeX package
LaTeX Font Info:    Trying to load font information for T1+lmr on input line 11
2.
(c:/Users/emili/AppData/Roaming/TinyTeX/texmf-dist/tex/latex/lm/t1lmr.fd
File: t1lmr.fd 2015/05/01 v1.6.1 Font defs for Latin Modern
)) (c:/Users/emili/AppData/Roaming/TinyTeX/texmf-dist/tex/latex/base/inputenc.s
ty
Package: inputenc 2021/02/14 v1.3d Input encoding file
\inpenc@prehook=\toks22
\inpenc@posthook=\toks23
) (c:/Users/emili/AppData/Roaming/TinyTeX/texmf-dist/tex/latex/base/textcomp.st
y
Package: textcomp 2020/02/02 v2.0n Standard LaTeX package
) (c:/Users/emili/AppData/Roaming/TinyTeX/texmf-dist/tex/latex/xcolor/xcolor.st
y
Package: xcolor 2016/05/11 v2.12 LaTeX color extensions (UK)

(c:/Users/emili/AppData/Roaming/TinyTeX/texmf-dist/tex/latex/graphics-cfg/color
.cfg
File: color.cfg 2016/01/02 v1.6 sample color configuration
)
Package xcolor Info: Driver file: pdftex.def on input line 225.

(c:/Users/emili/AppData/Roaming/TinyTeX/texmf-dist/tex/latex/graphics-def/pdfte
x.def
File: pdftex.def 2020/10/05 v1.2a Graphics/color driver for pdftex
)
Package xcolor Info: Model `cmy' substituted by `cmy0' on input line 1348.
Package xcolor Info: Model `hsb' substituted by `rgb' on input line 1352.
Package xcolor Info: Model `RGB' extended on input line 1364.
Package xcolor Info: Model `HTML' substituted by `rgb' on input line 1366.
Package xcolor Info: Model `Hsb' substituted by `hsb' on input line 1367.
Package xcolor Info: Model `tHsb' substituted by `hsb' on input line 1368.
Package xcolor Info: Model `HSB' substituted by `hsb' on input line 1369.
Package xcolor Info: Model `Gray' substituted by `gray' on input line 1370.
Package xcolor Info: Model `wave' substituted by `hsb' on input line 1371.
)
(c:/Users/emili/AppData/Roaming/TinyTeX/texmf-dist/tex/latex/hyperref/hyperref.
sty
Package: hyperref 2021-06-07 v7.00m Hypertext links for LaTeX

(c:/Users/emili/AppData/Roaming/TinyTeX/texmf-dist/tex/generic/ltxcmds/ltxcmds.
sty
Package: ltxcmds 2020-05-10 v1.25 LaTeX kernel commands for general use (HO)
)
(c:/Users/emili/AppData/Roaming/TinyTeX/texmf-dist/tex/generic/pdftexcmds/pdfte
xcmds.sty
Package: pdftexcmds 2020-06-27 v0.33 Utility functions of pdfTeX for LuaTeX (HO
)

(c:/Users/emili/AppData/Roaming/TinyTeX/texmf-dist/tex/generic/infwarerr/infwar
err.sty
Package: infwarerr 2019/12/03 v1.5 Providing info/warning/error messages (HO)
)
Package pdftexcmds Info: \pdf@primitive is available.
Package pdftexcmds Info: \pdf@ifprimitive is available.
Package pdftexcmds Info: \pdfdraftmode found.
)
(c:/Users/emili/AppData/Roaming/TinyTeX/texmf-dist/tex/latex/graphics/keyval.st
y
Package: keyval 2014/10/28 v1.15 key=value parser (DPC)
\KV@toks@=\toks24
)
(c:/Users/emili/AppData/Roaming/TinyTeX/texmf-dist/tex/generic/kvsetkeys/kvsetk
eys.sty
Package: kvsetkeys 2019/12/15 v1.18 Key value parser (HO)
)
(c:/Users/emili/AppData/Roaming/TinyTeX/texmf-dist/tex/generic/kvdefinekeys/kvd
efinekeys.sty
Package: kvdefinekeys 2019-12-19 v1.6 Define keys (HO)
)
(c:/Users/emili/AppData/Roaming/TinyTeX/texmf-dist/tex/generic/pdfescape/pdfesc
ape.sty
Package: pdfescape 2019/12/09 v1.15 Implements pdfTeX's escape features (HO)
)
(c:/Users/emili/AppData/Roaming/TinyTeX/texmf-dist/tex/latex/hycolor/hycolor.st
y
Package: hycolor 2020-01-27 v1.10 Color options for hyperref/bookmark (HO)
)
(c:/Users/emili/AppData/Roaming/TinyTeX/texmf-dist/tex/latex/letltxmacro/letltx
macro.sty
Package: letltxmacro 2019/12/03 v1.6 Let assignment for LaTeX macros (HO)
)
(c:/Users/emili/AppData/Roaming/TinyTeX/texmf-dist/tex/latex/auxhook/auxhook.st
y
Package: auxhook 2019-12-17 v1.6 Hooks for auxiliary files (HO)
)
(c:/Users/emili/AppData/Roaming/TinyTeX/texmf-dist/tex/latex/kvoptions/kvoption
s.sty
Package: kvoptions 2020-10-07 v3.14 Key value format for package options (HO)
)
\@linkdim=\dimen148
\Hy@linkcounter=\count268
\Hy@pagecounter=\count269

(c:/Users/emili/AppData/Roaming/TinyTeX/texmf-dist/tex/latex/hyperref/pd1enc.de
f
File: pd1enc.def 2021-06-07 v7.00m Hyperref: PDFDocEncoding definition (HO)
Now handling font encoding PD1 ...
... no UTF-8 mapping file for font encoding PD1
)
(c:/Users/emili/AppData/Roaming/TinyTeX/texmf-dist/tex/latex/hyperref/hyperref-
langpatches.def
File: hyperref-langpatches.def 2021-06-07 v7.00m Hyperref: patches for babel la
nguages
)
(c:/Users/emili/AppData/Roaming/TinyTeX/texmf-dist/tex/generic/intcalc/intcalc.
sty
Package: intcalc 2019/12/15 v1.3 Expandable calculations with integers (HO)
)
(c:/Users/emili/AppData/Roaming/TinyTeX/texmf-dist/tex/generic/etexcmds/etexcmd
s.sty
Package: etexcmds 2019/12/15 v1.7 Avoid name clashes with e-TeX commands (HO)
)
\Hy@SavedSpaceFactor=\count270

(c:/Users/emili/AppData/Roaming/TinyTeX/texmf-dist/tex/latex/hyperref/puenc.def
File: puenc.def 2021-06-07 v7.00m Hyperref: PDF Unicode definition (HO)
Now handling font encoding PU ...
... no UTF-8 mapping file for font encoding PU
)
Package hyperref Info: Option `unicode' set `true' on input line 4073.
Package hyperref Info: Hyper figures OFF on input line 4192.
Package hyperref Info: Link nesting OFF on input line 4197.
Package hyperref Info: Hyper index ON on input line 4200.
Package hyperref Info: Plain pages OFF on input line 4207.
Package hyperref Info: Backreferencing OFF on input line 4212.
Package hyperref Info: Implicit mode ON; LaTeX internals redefined.
Package hyperref Info: Bookmarks ON on input line 4445.
\c@Hy@tempcnt=\count271
(c:/Users/emili/AppData/Roaming/TinyTeX/texmf-dist/tex/latex/url/url.sty
\Urlmuskip=\muskip17
Package: url 2013/09/16  ver 3.4  Verb mode for urls, etc.
)
LaTeX Info: Redefining \url on input line 4804.
\XeTeXLinkMargin=\dimen149

(c:/Users/emili/AppData/Roaming/TinyTeX/texmf-dist/tex/generic/bitset/bitset.st
y
Package: bitset 2019/12/09 v1.3 Handle bit-vector datatype (HO)

(c:/Users/emili/AppData/Roaming/TinyTeX/texmf-dist/tex/generic/bigintcalc/bigin
tcalc.sty
Package: bigintcalc 2019/12/15 v1.5 Expandable calculations on big integers (HO
)
))
\Fld@menulength=\count272
\Field@Width=\dimen150
\Fld@charsize=\dimen151
Package hyperref Info: Hyper figures OFF on input line 6076.
Package hyperref Info: Link nesting OFF on input line 6081.
Package hyperref Info: Hyper index ON on input line 6084.
Package hyperref Info: backreferencing OFF on input line 6091.
Package hyperref Info: Link coloring OFF on input line 6096.
Package hyperref Info: Link coloring with OCG OFF on input line 6101.
Package hyperref Info: PDF/A mode OFF on input line 6106.
LaTeX Info: Redefining \ref on input line 6146.
LaTeX Info: Redefining \pageref on input line 6150.

(c:/Users/emili/AppData/Roaming/TinyTeX/texmf-dist/tex/latex/base/atbegshi-ltx.
sty
Package: atbegshi-ltx 2021/01/10 v1.0c Emulation of the original atbegshi
package with kernel methods
)
\Hy@abspage=\count273
\c@Item=\count274
\c@Hfootnote=\count275
)
Package hyperref Info: Driver (autodetected): hpdftex.

(c:/Users/emili/AppData/Roaming/TinyTeX/texmf-dist/tex/latex/hyperref/hpdftex.d
ef
File: hpdftex.def 2021-06-07 v7.00m Hyperref driver for pdfTeX

(c:/Users/emili/AppData/Roaming/TinyTeX/texmf-dist/tex/latex/base/atveryend-ltx
.sty
Package: atveryend-ltx 2020/08/19 v1.0a Emulation of the original atvery packag
e
with kernel methods
)
\Fld@listcount=\count276
\c@bookmark@seq@number=\count277

(c:/Users/emili/AppData/Roaming/TinyTeX/texmf-dist/tex/latex/rerunfilecheck/rer
unfilecheck.sty
Package: rerunfilecheck 2019/12/05 v1.9 Rerun checks for auxiliary files (HO)

(c:/Users/emili/AppData/Roaming/TinyTeX/texmf-dist/tex/generic/uniquecounter/un
iquecounter.sty
Package: uniquecounter 2019/12/15 v1.4 Provide unlimited unique counter (HO)
)
Package uniquecounter Info: New unique counter `rerunfilecheck' on input line 2
86.
)
\Hy@SectionHShift=\skip52
)
(c:/Users/emili/AppData/Roaming/TinyTeX/texmf-dist/tex/latex/geometry/geometry.
sty
Package: geometry 2020/01/02 v5.9 Page Geometry

(c:/Users/emili/AppData/Roaming/TinyTeX/texmf-dist/tex/generic/iftex/ifvtex.sty
Package: ifvtex 2019/10/25 v1.7 ifvtex legacy package. Use iftex instead.
)
\Gm@cnth=\count278
\Gm@cntv=\count279
\c@Gm@tempcnt=\count280
\Gm@bindingoffset=\dimen152
\Gm@wd@mp=\dimen153
\Gm@odd@mp=\dimen154
\Gm@even@mp=\dimen155
\Gm@layoutwidth=\dimen156
\Gm@layoutheight=\dimen157
\Gm@layouthoffset=\dimen158
\Gm@layoutvoffset=\dimen159
\Gm@dimlist=\toks25
)
(c:/Users/emili/AppData/Roaming/TinyTeX/texmf-dist/tex/latex/tools/longtable.st
y
Package: longtable 2021-05-07 v4.16 Multi-page Table package (DPC)
\LTleft=\skip53
\LTright=\skip54
\LTpre=\skip55
\LTpost=\skip56
\LTchunksize=\count281
\LTcapwidth=\dimen160
\LT@head=\box52
\LT@firsthead=\box53
\LT@foot=\box54
\LT@lastfoot=\box55
\LT@gbox=\box56
\LT@cols=\count282
\LT@rows=\count283
\c@LT@tables=\count284
\c@LT@chunks=\count285
\LT@p@ftn=\toks26
)
(c:/Users/emili/AppData/Roaming/TinyTeX/texmf-dist/tex/latex/booktabs/booktabs.
sty
Package: booktabs 2020/01/12 v1.61803398 Publication quality tables
\heavyrulewidth=\dimen161
\lightrulewidth=\dimen162
\cmidrulewidth=\dimen163
\belowrulesep=\dimen164
\belowbottomsep=\dimen165
\aboverulesep=\dimen166
\abovetopsep=\dimen167
\cmidrulesep=\dimen168
\cmidrulekern=\dimen169
\defaultaddspace=\dimen170
\@cmidla=\count286
\@cmidlb=\count287
\@aboverulesep=\dimen171
\@belowrulesep=\dimen172
\@thisruleclass=\count288
\@lastruleclass=\count289
\@thisrulewidth=\dimen173
)
(c:/Users/emili/AppData/Roaming/TinyTeX/texmf-dist/tex/latex/etoolbox/etoolbox.
sty
Package: etoolbox 2020/10/05 v2.5k e-TeX tools for LaTeX (JAW)
\etb@tempcnta=\count290
)
(c:/Users/emili/AppData/Roaming/TinyTeX/texmf-dist/tex/latex/mdwtools/footnote.
sty
Package: footnote 1997/01/28 1.13 Save footnotes around boxes
\fn@notes=\box57
\fn@width=\dimen174
)
(c:/Users/emili/AppData/Roaming/TinyTeX/texmf-dist/tex/latex/graphics/graphicx.
sty
Package: graphicx 2020/12/05 v1.2c Enhanced LaTeX Graphics (DPC,SPQR)

(c:/Users/emili/AppData/Roaming/TinyTeX/texmf-dist/tex/latex/graphics/graphics.
sty
Package: graphics 2021/03/04 v1.4d Standard LaTeX Graphics (DPC,SPQR)
(c:/Users/emili/AppData/Roaming/TinyTeX/texmf-dist/tex/latex/graphics/trig.sty
Package: trig 2016/01/03 v1.10 sin cos tan (DPC)
)
(c:/Users/emili/AppData/Roaming/TinyTeX/texmf-dist/tex/latex/graphics-cfg/graph
ics.cfg
File: graphics.cfg 2016/06/04 v1.11 sample graphics configuration
)
Package graphics Info: Driver file: pdftex.def on input line 107.
)
\Gin@req@height=\dimen175
\Gin@req@width=\dimen176
)
(c:/Users/emili/AppData/Roaming/TinyTeX/texmf-dist/tex/latex/grffile/grffile.st
y
Package: grffile 2019/11/11 v2.1 Extended file name support for graphics (legac
y)
Package grffile Info: This package is an empty stub for compatibility on input 
line 40.
)
(c:/Users/emili/AppData/Roaming/TinyTeX/texmf-dist/tex/latex/l3backend/l3backen
d-pdftex.def
File: l3backend-pdftex.def 2021-08-04 L3 backend support: PDF output (pdfTeX)
\l__color_backend_stack_int=\count291
\l__pdf_internal_box=\box58
)

LaTeX Warning: Unused global option(s):
    [12].

(./Grupo4_Final.aux)
\openout1 = `Grupo4_Final.aux'.

LaTeX Font Info:    Checking defaults for OML/cmm/m/it on input line 78.
LaTeX Font Info:    ... okay on input line 78.
LaTeX Font Info:    Checking defaults for OMS/cmsy/m/n on input line 78.
LaTeX Font Info:    ... okay on input line 78.
LaTeX Font Info:    Checking defaults for OT1/cmr/m/n on input line 78.
LaTeX Font Info:    ... okay on input line 78.
LaTeX Font Info:    Checking defaults for T1/cmr/m/n on input line 78.
LaTeX Font Info:    ... okay on input line 78.
LaTeX Font Info:    Checking defaults for TS1/cmr/m/n on input line 78.
LaTeX Font Info:    ... okay on input line 78.
LaTeX Font Info:    Checking defaults for OMX/cmex/m/n on input line 78.
LaTeX Font Info:    ... okay on input line 78.
LaTeX Font Info:    Checking defaults for U/cmr/m/n on input line 78.
LaTeX Font Info:    ... okay on input line 78.
LaTeX Font Info:    Checking defaults for PD1/pdf/m/n on input line 78.
LaTeX Font Info:    ... okay on input line 78.
LaTeX Font Info:    Checking defaults for PU/pdf/m/n on input line 78.
LaTeX Font Info:    ... okay on input line 78.

(c:/Users/emili/AppData/Roaming/TinyTeX/texmf-dist/tex/latex/epstopdf-pkg/epsto
pdf-base.sty
Package: epstopdf-base 2020-01-24 v2.11 Base part for package epstopdf
Package epstopdf-base Info: Redefining graphics rule for `.eps' on input line 4
85.

(c:/Users/emili/AppData/Roaming/TinyTeX/texmf-dist/tex/latex/latexconfig/epstop
df-sys.cfg
File: epstopdf-sys.cfg 2010/07/13 v1.3 Configuration of (r)epstopdf for TeX Liv
e
))
Package hyperref Info: Link coloring OFF on input line 78.

(c:/Users/emili/AppData/Roaming/TinyTeX/texmf-dist/tex/latex/hyperref/nameref.s
ty
Package: nameref 2021-04-02 v2.47 Cross-referencing by name of section

(c:/Users/emili/AppData/Roaming/TinyTeX/texmf-dist/tex/latex/refcount/refcount.
sty
Package: refcount 2019/12/15 v3.6 Data extraction from label references (HO)
)
(c:/Users/emili/AppData/Roaming/TinyTeX/texmf-dist/tex/generic/gettitlestring/g
ettitlestring.sty
Package: gettitlestring 2019/12/15 v1.6 Cleanup title references (HO)
)
\c@section@level=\count292
)
LaTeX Info: Redefining \ref on input line 78.
LaTeX Info: Redefining \pageref on input line 78.
LaTeX Info: Redefining \nameref on input line 78.
(./Grupo4_Final.out) (./Grupo4_Final.out)
\@outlinefile=\write3
\openout3 = `Grupo4_Final.out'.

*geometry* driver: auto-detecting
*geometry* detected driver: pdftex
*geometry* verbose mode - [ preamble ] result:
* driver: pdftex
* paper: <default>
* layout: <same size as paper>
* layoutoffset:(h,v)=(0.0pt,0.0pt)
* modes: 
* h-part:(L,W,R)=(72.26999pt, 469.75502pt, 72.26999pt)
* v-part:(T,H,B)=(72.26999pt, 650.43001pt, 72.26999pt)
* \paperwidth=614.295pt
* \paperheight=794.96999pt
* \textwidth=469.75502pt
* \textheight=650.43001pt
* \oddsidemargin=0.0pt
* \evensidemargin=0.0pt
* \topmargin=-37.0pt
* \headheight=12.0pt
* \headsep=25.0pt
* \topskip=10.0pt
* \footskip=30.0pt
* \marginparwidth=65.0pt
* \marginparsep=11.0pt
* \columnsep=10.0pt
* \skip\footins=9.0pt plus 4.0pt minus 2.0pt
* \hoffset=0.0pt
* \voffset=0.0pt
* \mag=1000
* \@twocolumnfalse
* \@twosidefalse
* \@mparswitchfalse
* \@reversemarginfalse
* (1in=72.27pt=25.4mm, 1cm=28.453pt)

LaTeX Font Info:    Trying to load font information for OT1+lmr on input line 8
0.
(c:/Users/emili/AppData/Roaming/TinyTeX/texmf-dist/tex/latex/lm/ot1lmr.fd
File: ot1lmr.fd 2015/05/01 v1.6.1 Font defs for Latin Modern
)
LaTeX Font Info:    Trying to load font information for OML+lmm on input line 8
0.
(c:/Users/emili/AppData/Roaming/TinyTeX/texmf-dist/tex/latex/lm/omllmm.fd
File: omllmm.fd 2015/05/01 v1.6.1 Font defs for Latin Modern
)
LaTeX Font Info:    Trying to load font information for OMS+lmsy on input line 
80.
(c:/Users/emili/AppData/Roaming/TinyTeX/texmf-dist/tex/latex/lm/omslmsy.fd
File: omslmsy.fd 2015/05/01 v1.6.1 Font defs for Latin Modern
)
LaTeX Font Info:    Trying to load font information for OMX+lmex on input line 
80.
(c:/Users/emili/AppData/Roaming/TinyTeX/texmf-dist/tex/latex/lm/omxlmex.fd
File: omxlmex.fd 2015/05/01 v1.6.1 Font defs for Latin Modern
)
LaTeX Font Info:    External font `lmex10' loaded for size
(Font)              <12> on input line 80.
LaTeX Font Info:    External font `lmex10' loaded for size
(Font)              <8> on input line 80.
LaTeX Font Info:    External font `lmex10' loaded for size
(Font)              <6> on input line 80.
LaTeX Font Info:    Trying to load font information for U+msa on input line 80.

(c:/Users/emili/AppData/Roaming/TinyTeX/texmf-dist/tex/latex/amsfonts/umsa.fd
File: umsa.fd 2013/01/14 v3.01 AMS symbols A
)
LaTeX Font Info:    Trying to load font information for U+msb on input line 80.

(c:/Users/emili/AppData/Roaming/TinyTeX/texmf-dist/tex/latex/amsfonts/umsb.fd
File: umsb.fd 2013/01/14 v3.01 AMS symbols B
)
LaTeX Font Info:    Trying to load font information for TS1+lmr on input line 1
13.
(c:/Users/emili/AppData/Roaming/TinyTeX/texmf-dist/tex/latex/lm/ts1lmr.fd
File: ts1lmr.fd 2015/05/01 v1.6.1 Font defs for Latin Modern
)
LaTeX Font Info:    External font `lmex10' loaded for size
(Font)              <10> on input line 115.
LaTeX Font Info:    External font `lmex10' loaded for size
(Font)              <7> on input line 115.
LaTeX Font Info:    External font `lmex10' loaded for size
(Font)              <5> on input line 115.
LaTeX Font Info:    Trying to load font information for T1+lmtt on input line 1
29.
(c:/Users/emili/AppData/Roaming/TinyTeX/texmf-dist/tex/latex/lm/t1lmtt.fd
File: t1lmtt.fd 2015/05/01 v1.6.1 Font defs for Latin Modern
) [1

{c:/Users/emili/AppData/Roaming/TinyTeX/texmf-var/fonts/map/pdftex/updmap/pdfte
x.map}] [2] [3] [4] [5]
<Grupo4_Final_files/figure-latex/graficos_presu_1-1.pdf, id=120, 144.54pt x 144
.54pt>
File: Grupo4_Final_files/figure-latex/graficos_presu_1-1.pdf Graphic file (type
 pdf)
<use Grupo4_Final_files/figure-latex/graficos_presu_1-1.pdf>
Package pdftex.def Info: Grupo4_Final_files/figure-latex/graficos_presu_1-1.pdf
  used on input line 549.
(pdftex.def)             Requested size: 144.54623pt x 144.54623pt.
<Grupo4_Final_files/figure-latex/graficos_presu_1-2.pdf, id=121, 144.54pt x 144
.54pt>
File: Grupo4_Final_files/figure-latex/graficos_presu_1-2.pdf Graphic file (type
 pdf)
<use Grupo4_Final_files/figure-latex/graficos_presu_1-2.pdf>
Package pdftex.def Info: Grupo4_Final_files/figure-latex/graficos_presu_1-2.pdf
  used on input line 550.
(pdftex.def)             Requested size: 144.54623pt x 144.54623pt.
<Grupo4_Final_files/figure-latex/graficos_presu_1-3.pdf, id=122, 144.54pt x 144
.54pt>
File: Grupo4_Final_files/figure-latex/graficos_presu_1-3.pdf Graphic file (type
 pdf)
<use Grupo4_Final_files/figure-latex/graficos_presu_1-3.pdf>
Package pdftex.def Info: Grupo4_Final_files/figure-latex/graficos_presu_1-3.pdf
  used on input line 551.
(pdftex.def)             Requested size: 144.54623pt x 144.54623pt.
<Grupo4_Final_files/figure-latex/graficos_presu_11-1.pdf, id=123, 469.755pt x 3
25.215pt>
File: Grupo4_Final_files/figure-latex/graficos_presu_11-1.pdf Graphic file (typ
e pdf)
<use Grupo4_Final_files/figure-latex/graficos_presu_11-1.pdf>
Package pdftex.def Info: Grupo4_Final_files/figure-latex/graficos_presu_11-1.pd
f  used on input line 564.
(pdftex.def)             Requested size: 469.75386pt x 325.2142pt.
[6 <./Grupo4_Final_files/figure-latex/graficos_presu_1-1.pdf> <./Grupo4_Final_f
iles/figure-latex/graficos_presu_1-2.pdf> <./Grupo4_Final_files/figure-latex/gr
aficos_presu_1-3.pdf>]
<Alcance_presupuesto.JPG, id=147, 394.47375pt x 319.94531pt>
File: Alcance_presupuesto.JPG Graphic file (type jpg)
<use Alcance_presupuesto.JPG>
Package pdftex.def Info: Alcance_presupuesto.JPG  used on input line 583.
(pdftex.def)             Requested size: 394.47278pt x 319.94452pt.
[7 <./Grupo4_Final_files/figure-latex/graficos_presu_11-1.pdf>]
<Grupo4_Final_files/figure-latex/graficos_presu_2-1.pdf, id=161, 469.755pt x 32
5.215pt>
File: Grupo4_Final_files/figure-latex/graficos_presu_2-1.pdf Graphic file (type
 pdf)
<use Grupo4_Final_files/figure-latex/graficos_presu_2-1.pdf>
Package pdftex.def Info: Grupo4_Final_files/figure-latex/graficos_presu_2-1.pdf
  used on input line 610.
(pdftex.def)             Requested size: 469.75386pt x 325.2142pt.
<Grupo4_Final_files/figure-latex/graficos_presu_2-2.pdf, id=162, 469.755pt x 32
5.215pt>
File: Grupo4_Final_files/figure-latex/graficos_presu_2-2.pdf Graphic file (type
 pdf)
<use Grupo4_Final_files/figure-latex/graficos_presu_2-2.pdf>
Package pdftex.def Info: Grupo4_Final_files/figure-latex/graficos_presu_2-2.pdf
  used on input line 611.
(pdftex.def)             Requested size: 469.75386pt x 325.2142pt.

Underfull \hbox (badness 10000) in paragraph at lines 610--612
[][]
 []

[8 <./Alcance_presupuesto.JPG>] [9 <./Grupo4_Final_files/figure-latex/graficos_
presu_2-1.pdf>] [10 <./Grupo4_Final_files/figure-latex/graficos_presu_2-2.pdf>]
<Grupo4_Final_files/figure-latex/graficos_presu_3-1.pdf, id=191, 469.755pt x 32
5.215pt>
File: Grupo4_Final_files/figure-latex/graficos_presu_3-1.pdf Graphic file (type
 pdf)
<use Grupo4_Final_files/figure-latex/graficos_presu_3-1.pdf>
Package pdftex.def Info: Grupo4_Final_files/figure-latex/graficos_presu_3-1.pdf
  used on input line 745.
(pdftex.def)             Requested size: 469.75386pt x 325.2142pt.
[11]
<Grupo4_Final_files/figure-latex/graficos_presu_4-1.pdf, id=196, 469.755pt x 32
5.215pt>
File: Grupo4_Final_files/figure-latex/graficos_presu_4-1.pdf Graphic file (type
 pdf)
<use Grupo4_Final_files/figure-latex/graficos_presu_4-1.pdf>
Package pdftex.def Info: Grupo4_Final_files/figure-latex/graficos_presu_4-1.pdf
  used on input line 755.
(pdftex.def)             Requested size: 469.75386pt x 325.2142pt.
[12 <./Grupo4_Final_files/figure-latex/graficos_presu_3-1.pdf>]
<Grupo4_Final_files/figure-latex/graficos_presu_5-1.pdf, id=206, 469.755pt x 32
5.215pt>
File: Grupo4_Final_files/figure-latex/graficos_presu_5-1.pdf Graphic file (type
 pdf)
<use Grupo4_Final_files/figure-latex/graficos_presu_5-1.pdf>
Package pdftex.def Info: Grupo4_Final_files/figure-latex/graficos_presu_5-1.pdf
  used on input line 760.
(pdftex.def)             Requested size: 469.75386pt x 325.2142pt.
[13 <./Grupo4_Final_files/figure-latex/graficos_presu_4-1.pdf>]
<Grupo4_Final_files/figure-latex/graficos_presu_6-1.pdf, id=217, 469.755pt x 32
5.215pt>
File: Grupo4_Final_files/figure-latex/graficos_presu_6-1.pdf Graphic file (type
 pdf)
<use Grupo4_Final_files/figure-latex/graficos_presu_6-1.pdf>
Package pdftex.def Info: Grupo4_Final_files/figure-latex/graficos_presu_6-1.pdf
  used on input line 774.
(pdftex.def)             Requested size: 469.75386pt x 325.2142pt.
<Grupo4_Final_files/figure-latex/graficos_presu_6-2.pdf, id=218, 469.755pt x 32
5.215pt>
File: Grupo4_Final_files/figure-latex/graficos_presu_6-2.pdf Graphic file (type
 pdf)
<use Grupo4_Final_files/figure-latex/graficos_presu_6-2.pdf>
Package pdftex.def Info: Grupo4_Final_files/figure-latex/graficos_presu_6-2.pdf
  used on input line 775.
(pdftex.def)             Requested size: 469.75386pt x 325.2142pt.

Underfull \hbox (badness 10000) in paragraph at lines 774--776
[][]
 []

[14 <./Grupo4_Final_files/figure-latex/graficos_presu_5-1.pdf>] [15 <./Grupo4_F
inal_files/figure-latex/graficos_presu_6-1.pdf>] [16 <./Grupo4_Final_files/figu
re-latex/graficos_presu_6-2.pdf>]
<Grupo4_Final_files/figure-latex/grafico_prestaciones_desagredadas-1.pdf, id=25
2, 469.755pt x 505.89pt>
File: Grupo4_Final_files/figure-latex/grafico_prestaciones_desagredadas-1.pdf G
raphic file (type pdf)
<use Grupo4_Final_files/figure-latex/grafico_prestaciones_desagredadas-1.pdf>
Package pdftex.def Info: Grupo4_Final_files/figure-latex/grafico_prestaciones_d
esagredadas-1.pdf  used on input line 795.
(pdftex.def)             Requested size: 469.75386pt x 505.88875pt.
[17 <./Grupo4_Final_files/figure-latex/grafico_prestaciones_desagredadas-1.pdf>
]
<Grupo4_Final_files/figure-latex/datos_prestaciones_auh-1.pdf, id=263, 469.755p
t x 325.215pt>
File: Grupo4_Final_files/figure-latex/datos_prestaciones_auh-1.pdf Graphic file
 (type pdf)
<use Grupo4_Final_files/figure-latex/datos_prestaciones_auh-1.pdf>
Package pdftex.def Info: Grupo4_Final_files/figure-latex/datos_prestaciones_auh
-1.pdf  used on input line 802.
(pdftex.def)             Requested size: 469.75386pt x 325.2142pt.
[18 <./Grupo4_Final_files/figure-latex/datos_prestaciones_auh-1.pdf>]
<Grupo4_Final_files/figure-latex/grafico_prestaciones_proporcion-1.pdf, id=273,
 469.755pt x 505.89pt>
File: Grupo4_Final_files/figure-latex/grafico_prestaciones_proporcion-1.pdf Gra
phic file (type pdf)
<use Grupo4_Final_files/figure-latex/grafico_prestaciones_proporcion-1.pdf>
Package pdftex.def Info: Grupo4_Final_files/figure-latex/grafico_prestaciones_p
roporcion-1.pdf  used on input line 810.
(pdftex.def)             Requested size: 469.75386pt x 505.88875pt.
[19 <./Grupo4_Final_files/figure-latex/grafico_prestaciones_proporcion-1.pdf>]
<Grupo4_Final_files/figure-latex/grafico_correlacion_auh_aaff-1.pdf, id=285, 46
9.755pt x 325.215pt>
File: Grupo4_Final_files/figure-latex/grafico_correlacion_auh_aaff-1.pdf Graphi
c file (type pdf)
<use Grupo4_Final_files/figure-latex/grafico_correlacion_auh_aaff-1.pdf>
Package pdftex.def Info: Grupo4_Final_files/figure-latex/grafico_correlacion_au
h_aaff-1.pdf  used on input line 817.
(pdftex.def)             Requested size: 469.75386pt x 325.2142pt.

Underfull \hbox (badness 10000) in paragraph at lines 817--820
[][]
 []

[20 <./Grupo4_Final_files/figure-latex/grafico_correlacion_auh_aaff-1.pdf>]
<Grupo4_Final_files/figure-latex/grafico_correlacion_auh_aaff_proporcion-1.pdf,
 id=295, 469.755pt x 325.215pt>
File: Grupo4_Final_files/figure-latex/grafico_correlacion_auh_aaff_proporcion-1
.pdf Graphic file (type pdf)
<use Grupo4_Final_files/figure-latex/grafico_correlacion_auh_aaff_proporcion-1.
pdf>
Package pdftex.def Info: Grupo4_Final_files/figure-latex/grafico_correlacion_au
h_aaff_proporcion-1.pdf  used on input line 826.
(pdftex.def)             Requested size: 469.75386pt x 325.2142pt.

Underfull \hbox (badness 10000) in paragraph at lines 826--831
[][]
 []

[21 <./Grupo4_Final_files/figure-latex/grafico_correlacion_auh_aaff_proporcion-
1.pdf>]
<Grupo4_Final_files/figure-latex/grafico_correlacion_auh_tdes-1.pdf, id=305, 46
9.755pt x 325.215pt>
File: Grupo4_Final_files/figure-latex/grafico_correlacion_auh_tdes-1.pdf Graphi
c file (type pdf)
<use Grupo4_Final_files/figure-latex/grafico_correlacion_auh_tdes-1.pdf>
Package pdftex.def Info: Grupo4_Final_files/figure-latex/grafico_correlacion_au
h_tdes-1.pdf  used on input line 838.
(pdftex.def)             Requested size: 469.75386pt x 325.2142pt.
[22 <./Grupo4_Final_files/figure-latex/grafico_correlacion_auh_tdes-1.pdf>]
<Grupo4_Final_files/figure-latex/grafico_prestaciones_por_familia-1.pdf, id=315
, 469.755pt x 325.215pt>
File: Grupo4_Final_files/figure-latex/grafico_prestaciones_por_familia-1.pdf Gr
aphic file (type pdf)
<use Grupo4_Final_files/figure-latex/grafico_prestaciones_por_familia-1.pdf>
Package pdftex.def Info: Grupo4_Final_files/figure-latex/grafico_prestaciones_p
or_familia-1.pdf  used on input line 850.
(pdftex.def)             Requested size: 469.75386pt x 325.2142pt.
[23 <./Grupo4_Final_files/figure-latex/grafico_prestaciones_por_familia-1.pdf>]
<Grupo4_Final_files/figure-latex/grafico_prestaciones_edad-1.pdf, id=325, 469.7
55pt x 325.215pt>
File: Grupo4_Final_files/figure-latex/grafico_prestaciones_edad-1.pdf Graphic f
ile (type pdf)
<use Grupo4_Final_files/figure-latex/grafico_prestaciones_edad-1.pdf>
Package pdftex.def Info: Grupo4_Final_files/figure-latex/grafico_prestaciones_e
dad-1.pdf  used on input line 860.
(pdftex.def)             Requested size: 469.75386pt x 325.2142pt.
[24 <./Grupo4_Final_files/figure-latex/grafico_prestaciones_edad-1.pdf>]
<Grupo4_Final_files/figure-latex/grafico_prestaciones_sexo_edad_ninies-1.pdf, i
d=335, 469.755pt x 325.215pt>
File: Grupo4_Final_files/figure-latex/grafico_prestaciones_sexo_edad_ninies-1.p
df Graphic file (type pdf)
<use Grupo4_Final_files/figure-latex/grafico_prestaciones_sexo_edad_ninies-1.pd
f>
Package pdftex.def Info: Grupo4_Final_files/figure-latex/grafico_prestaciones_s
exo_edad_ninies-1.pdf  used on input line 871.
(pdftex.def)             Requested size: 469.75386pt x 325.2142pt.
[25 <./Grupo4_Final_files/figure-latex/grafico_prestaciones_sexo_edad_ninies-1.
pdf>] [26] [27] (./Grupo4_Final.aux)
Package rerunfilecheck Info: File `Grupo4_Final.out' has not changed.
(rerunfilecheck)             Checksum: BC3DEDCB03202C5FE830D3E71EEB1BA9;4687.
 ) 
Here is how much of TeX's memory you used:
 10868 strings out of 480559
 168573 string characters out of 5901528
 469019 words of memory out of 5000000
 28205 multiletter control sequences out of 15000+600000
 458371 words of font info for 70 fonts, out of 8000000 for 9000
 14 hyphenation exceptions out of 8191
 60i,8n,66p,934b,440s stack positions out of 5000i,500n,10000p,200000b,80000s
{c:/Users/emili/AppData/Roaming/TinyTeX/texmf-dist/fonts/enc/dvips/lm/lm-ec.e
nc}{c:/Users/emili/AppData/Roaming/TinyTeX/texmf-dist/fonts/enc/dvips/lm/lm-ts1
.enc}<c:/Users/emili/AppData/Roaming/TinyTeX/texmf-dist/fonts/type1/public/lm/l
mbx10.pfb><c:/Users/emili/AppData/Roaming/TinyTeX/texmf-dist/fonts/type1/public
/lm/lmbx12.pfb><c:/Users/emili/AppData/Roaming/TinyTeX/texmf-dist/fonts/type1/p
ublic/lm/lmr10.pfb><c:/Users/emili/AppData/Roaming/TinyTeX/texmf-dist/fonts/typ
e1/public/lm/lmr12.pfb><c:/Users/emili/AppData/Roaming/TinyTeX/texmf-dist/fonts
/type1/public/lm/lmr17.pfb><c:/Users/emili/AppData/Roaming/TinyTeX/texmf-dist/f
onts/type1/public/lm/lmr6.pfb><c:/Users/emili/AppData/Roaming/TinyTeX/texmf-dis
t/fonts/type1/public/lm/lmr7.pfb><c:/Users/emili/AppData/Roaming/TinyTeX/texmf-
dist/fonts/type1/public/lm/lmr8.pfb><c:/Users/emili/AppData/Roaming/TinyTeX/tex
mf-dist/fonts/type1/public/lm/lmtt10.pfb>
Output written on Grupo4_Final.pdf (27 pages, 428775 bytes).
PDF statistics:
 430 PDF objects out of 1000 (max. 8388607)
 337 compressed objects within 4 object streams
 70 named destinations out of 1000 (max. 500000)
 218 words of extra memory for PDF output out of 10000 (max. 10000000)

